opened connection
{'E': 1646558226592,
 'e': 'kline',
 'k': {'B': '0',
       'L': 402021146,
       'Q': '63.10850000',
       'T': 1646558279999,
       'V': '511.00000000',
       'c': '0.12340000',
       'f': 402021139,
       'h': '0.12350000',
       'i': '1m',
       'l': '0.12340000',
       'n': 8,
       'o': '0.12350000',
       'q': '522.77350000',
       's': 'DOGEUSDT',
       't': 1646558220000,
       'v': '4236.00000000',
       'x': False},
 's': 'DOGEUSDT'}
{'E': 1646558229611,
 'e': 'kline',
 'k': {'B': '0',
       'L': 402021148,
       'Q': '80.02800000',
       'T': 1646558279999,
       'V': '648.00000000',
       'c': '0.12350000',
       'f': 402021139,
       'h': '0.12350000',
       'i': '1m',
       'l': '0.12340000',
       'n': 10,
       'o': '0.12350000',
       'q': '558.32640000',
       's': 'DOGEUSDT',
       't': 1646558220000,
       'v': '4524.00000000',
       'x': False},
 's': 'DOGEUSDT'}
{'E': 1646558235087,
 'e': 'kline',
 'k': {'B': '0',
       'L': 402021149,
       'Q': '80.02800000',
       'T': 1646558279999,
       'V': '648.00000000',
       'c': '0.12340000',
       'f': 402021139,
       'h': '0.12350000',
       'i': '1m',
       'l': '0.12340000',
       'n': 11,
       'o': '0.12350000',
       'q': '573.62800000',
       's': 'DOGEUSDT',
       't': 1646558220000,
       'v': '4648.00000000',
       'x': False},
 's': 'DOGEUSDT'}
{'E': 1646558238643,
 'e': 'kline',
 'k': {'B': '0',
       'L': 402021150,
       'Q': '878.08500000',
       'T': 1646558279999,
       'V': '7110.00000000',
       'c': '0.12350000',
       'f': 402021139,
       'h': '0.12350000',
       'i': '1m',
       'l': '0.12340000',
       'n': 12,
       'o': '0.12350000',
       'q': '1371.68500000',
       's': 'DOGEUSDT',
       't': 1646558220000,
       'v': '11110.00000000',
       'x': False},
 's': 'DOGEUSDT'}
{'E': 1646558246159,
 'e': 'kline',
 'k': {'B': '0',
       'L': 402021151,
       'Q': '878.08500000',
       'T': 1646558279999,
       'V': '7110.00000000',
       'c': '0.12340000',
       'f': 402021139,
       'h': '0.12350000',
       'i': '1m',
       'l': '0.12340000',
       'n': 13,
       'o': '0.12350000',
       'q': '1384.02500000',
       's': 'DOGEUSDT',
       't': 1646558220000,
       'v': '11210.00000000',
       'x': False},
 's': 'DOGEUSDT'}
{'E': 1646558256463,
 'e': 'kline',
 'k': {'B': '0',
       'L': 402021152,
       'Q': '878.08500000',
       'T': 1646558279999,
       'V': '7110.00000000',
       'c': '0.12340000',
       'f': 402021139,
       'h': '0.12350000',
       'i': '1m',
       'l': '0.12340000',
       'n': 14,
       'o': '0.12350000',
       'q': '1973.38340000',
       's': 'DOGEUSDT',
       't': 1646558220000,
       'v': '15986.00000000',
       'x': False},
 's': 'DOGEUSDT'}
{'E': 1646558258713,
 'e': 'kline',
 'k': {'B': '0',
       'L': 402021161,
       'Q': '895.23760000',
       'T': 1646558279999,
       'V': '7249.00000000',
       'c': '0.12340000',
       'f': 402021139,
       'h': '0.12350000',
       'i': '1m',
       'l': '0.12340000',
       'n': 23,
       'o': '0.12350000',
       'q': '8762.35780000',
       's': 'DOGEUSDT',
       't': 1646558220000,
       'v': '71002.00000000',
       'x': False},
 's': 'DOGEUSDT'}
{'E': 1646558262256,
 'e': 'kline',
 'k': {'B': '0',
       'L': 402021163,
       'Q': '972.48600000',
       'T': 1646558279999,
       'V': '7875.00000000',
       'c': '0.12330000',
       'f': 402021139,
       'h': '0.12350000',
       'i': '1m',
       'l': '0.12330000',
       'n': 25,
       'o': '0.12350000',
       'q': '8852.55270000',
       's': 'DOGEUSDT',
       't': 1646558220000,
       'v': '71733.00000000',
       'x': False},
 's': 'DOGEUSDT'}
{'E': 1646558264741,
 'e': 'kline',
 'k': {'B': '0',
       'L': 402021170,
       'Q': '972.48600000',
       'T': 1646558279999,
       'V': '7875.00000000',
       'c': '0.12330000',
       'f': 402021139,
       'h': '0.12350000',
       'i': '1m',
       'l': '0.12330000',
       'n': 32,
       'o': '0.12350000',
       'q': '12016.06080000',
       's': 'DOGEUSDT',
       't': 1646558220000,
       'v': '97390.00000000',
       'x': False},
 's': 'DOGEUSDT'}
{'E': 1646558268749,
 'e': 'kline',
 'k': {'B': '0',
       'L': 402021171,
       'Q': '972.48600000',
       'T': 1646558279999,
       'V': '7875.00000000',
       'c': '0.12320000',
       'f': 402021139,
       'h': '0.12350000',
       'i': '1m',
       'l': '0.12320000',
       'n': 33,
       'o': '0.12350000',
       'q': '12661.87520000',
       's': 'DOGEUSDT',
       't': 1646558220000,
       'v': '102632.00000000',
       'x': False},
 's': 'DOGEUSDT'}
{'E': 1646558272465,
 'e': 'kline',
 'k': {'B': '0',
       'L': 402021172,
       'Q': '1010.09250000',
       'T': 1646558279999,
       'V': '8180.00000000',
       'c': '0.12330000',
       'f': 402021139,
       'h': '0.12350000',
       'i': '1m',
       'l': '0.12320000',
       'n': 34,
       'o': '0.12350000',
       'q': '12699.48170000',
       's': 'DOGEUSDT',
       't': 1646558220000,
       'v': '102937.00000000',
       'x': False},
 's': 'DOGEUSDT'}
{'E': 1646558274932,
 'e': 'kline',
 'k': {'B': '0',
       'L': 402021173,
       'Q': '1010.09250000',
       'T': 1646558279999,
       'V': '8180.00000000',
       'c': '0.12320000',
       'f': 402021139,
       'h': '0.12350000',
       'i': '1m',
       'l': '0.12320000',
       'n': 35,
       'o': '0.12350000',
       'q': '12761.20490000',
       's': 'DOGEUSDT',
       't': 1646558220000,
       'v': '103438.00000000',
       'x': False},
 's': 'DOGEUSDT'}
opened connection
{'E': 1646562125893,
 'e': 'kline',
 'k': {'B': '0',
       'L': 402027277,
       'Q': '263.66970000',
       'T': 1646562179999,
       'V': '2163.00000000',
       'c': '0.12190000',
       'f': 402027274,
       'h': '0.12190000',
       'i': '1m',
       'l': '0.12190000',
       'n': 4,
       'o': '0.12190000',
       'q': '263.66970000',
       's': 'DOGEUSDT',
       't': 1646562120000,
       'v': '2163.00000000',
       'x': False},
 's': 'DOGEUSDT'}
{'E': 1646562128898,
 'e': 'kline',
 'k': {'B': '0',
       'L': 402027279,
       'Q': '277.32250000',
       'T': 1646562179999,
       'V': '2275.00000000',
       'c': '0.12190000',
       'f': 402027274,
       'h': '0.12190000',
       'i': '1m',
       'l': '0.12180000',
       'n': 6,
       'o': '0.12190000',
       'q': '438.82930000',
       's': 'DOGEUSDT',
       't': 1646562120000,
       'v': '3601.00000000',
       'x': False},
 's': 'DOGEUSDT'}
{'E': 1646562131829,
 'e': 'kline',
 'k': {'B': '0',
       'L': 402027282,
       'Q': '325.47300000',
       'T': 1646562179999,
       'V': '2670.00000000',
       'c': '0.12190000',
       'f': 402027274,
       'h': '0.12190000',
       'i': '1m',
       'l': '0.12180000',
       'n': 9,
       'o': '0.12190000',
       'q': '486.97980000',
       's': 'DOGEUSDT',
       't': 1646562120000,
       'v': '3996.00000000',
       'x': False},
 's': 'DOGEUSDT'}
{'E': 1646562133908,
 'e': 'kline',
 'k': {'B': '0',
       'L': 402027283,
       'Q': '325.47300000',
       'T': 1646562179999,
       'V': '2670.00000000',
       'c': '0.12180000',
       'f': 402027274,
       'h': '0.12190000',
       'i': '1m',
       'l': '0.12180000',
       'n': 10,
       'o': '0.12190000',
       'q': '511.70520000',
       's': 'DOGEUSDT',
       't': 1646562120000,
       'v': '4199.00000000',
       'x': False},
 's': 'DOGEUSDT'}
{'E': 1646562137919,
 'e': 'kline',
 'k': {'B': '0',
       'L': 402027284,
       'Q': '325.47300000',
       'T': 1646562179999,
       'V': '2670.00000000',
       'c': '0.12180000',
       'f': 402027274,
       'h': '0.12190000',
       'i': '1m',
       'l': '0.12180000',
       'n': 11,
       'o': '0.12190000',
       'q': '542.27700000',
       's': 'DOGEUSDT',
       't': 1646562120000,
       'v': '4450.00000000',
       'x': False},
 's': 'DOGEUSDT'}
{'E': 1646562140928,
 'e': 'kline',
 'k': {'B': '0',
       'L': 402027293,
       'Q': '7491.24260000',
       'T': 1646562179999,
       'V': '61454.00000000',
       'c': '0.12190000',
       'f': 402027274,
       'h': '0.12190000',
       'i': '1m',
       'l': '0.12180000',
       'n': 20,
       'o': '0.12190000',
       'q': '7708.04660000',
       's': 'DOGEUSDT',
       't': 1646562120000,
       'v': '63234.00000000',
       'x': False},
 's': 'DOGEUSDT'}
{'E': 1646562147182,
 'e': 'kline',
 'k': {'B': '0',
       'L': 402027294,
       'Q': '7491.24260000',
       'T': 1646562179999,
       'V': '61454.00000000',
       'c': '0.12190000',
       'f': 402027274,
       'h': '0.12190000',
       'i': '1m',
       'l': '0.12180000',
       'n': 21,
       'o': '0.12190000',
       'q': '8184.18800000',
       's': 'DOGEUSDT',
       't': 1646562120000,
       'v': '67140.00000000',
       'x': False},
 's': 'DOGEUSDT'}
{'E': 1646562149966,
 'e': 'kline',
 'k': {'B': '0',
       'L': 402027309,
       'Q': '7491.24260000',
       'T': 1646562179999,
       'V': '61454.00000000',
       'c': '0.12190000',
       'f': 402027274,
       'h': '0.12190000',
       'i': '1m',
       'l': '0.12180000',
       'n': 36,
       'o': '0.12190000',
       'q': '15433.70290000',
       's': 'DOGEUSDT',
       't': 1646562120000,
       'v': '126611.00000000',
       'x': False},
 's': 'DOGEUSDT'}
{'E': 1646562152291,
 'e': 'kline',
 'k': {'B': '0',
       'L': 402027310,
       'Q': '7491.24260000',
       'T': 1646562179999,
       'V': '61454.00000000',
       'c': '0.12180000',
       'f': 402027274,
       'h': '0.12190000',
       'i': '1m',
       'l': '0.12180000',
       'n': 37,
       'o': '0.12190000',
       'q': '15489.48730000',
       's': 'DOGEUSDT',
       't': 1646562120000,
       'v': '127069.00000000',
       'x': False},
 's': 'DOGEUSDT'}
{'E': 1646562154319,
 'e': 'kline',
 'k': {'B': '0',
       'L': 402027372,
       'Q': '7491.24260000',
       'T': 1646562179999,
       'V': '61454.00000000',
       'c': '0.12180000',
       'f': 402027274,
       'h': '0.12190000',
       'i': '1m',
       'l': '0.12180000',
       'n': 99,
       'o': '0.12190000',
       'q': '80125.33690000',
       's': 'DOGEUSDT',
       't': 1646562120000,
       'v': '657741.00000000',
       'x': False},
 's': 'DOGEUSDT'}
{'E': 1646562156976,
 'e': 'kline',
 'k': {'B': '0',
       'L': 402027377,
       'Q': '13798.53380000',
       'T': 1646562179999,
       'V': '113238.00000000',
       'c': '0.12180000',
       'f': 402027274,
       'h': '0.12190000',
       'i': '1m',
       'l': '0.12180000',
       'n': 104,
       'o': '0.12190000',
       'q': '86432.62810000',
       's': 'DOGEUSDT',
       't': 1646562120000,
       'v': '709525.00000000',
       'x': False},
 's': 'DOGEUSDT'}
{'E': 1646562160987,
 'e': 'kline',
 'k': {'B': '0',
       'L': 402027379,
       'Q': '14092.19360000',
       'T': 1646562179999,
       'V': '115649.00000000',
       'c': '0.12180000',
       'f': 402027274,
       'h': '0.12190000',
       'i': '1m',
       'l': '0.12180000',
       'n': 106,
       'o': '0.12190000',
       'q': '86726.28790000',
       's': 'DOGEUSDT',
       't': 1646562120000,
       'v': '711936.00000000',
       'x': False},
 's': 'DOGEUSDT'}
{'E': 1646562163916,
 'e': 'kline',
 'k': {'B': '0',
       'L': 402027381,
       'Q': '14119.84220000',
       'T': 1646562179999,
       'V': '115876.00000000',
       'c': '0.12170000',
       'f': 402027274,
       'h': '0.12190000',
       'i': '1m',
       'l': '0.12170000',
       'n': 108,
       'o': '0.12190000',
       'q': '86774.01700000',
       's': 'DOGEUSDT',
       't': 1646562120000,
       'v': '712328.00000000',
       'x': False},
 's': 'DOGEUSDT'}
{'E': 1646562165960,
 'e': 'kline',
 'k': {'B': '0',
       'L': 402027384,
       'Q': '15123.10880000',
       'T': 1646562179999,
       'V': '124113.00000000',
       'c': '0.12180000',
       'f': 402027274,
       'h': '0.12190000',
       'i': '1m',
       'l': '0.12170000',
       'n': 111,
       'o': '0.12190000',
       'q': '88094.55550000',
       's': 'DOGEUSDT',
       't': 1646562120000,
       'v': '723172.00000000',
       'x': False},
 's': 'DOGEUSDT'}
{'E': 1646562168085,
 'e': 'kline',
 'k': {'B': '0',
       'L': 402027385,
       'Q': '15123.10880000',
       'T': 1646562179999,
       'V': '124113.00000000',
       'c': '0.12170000',
       'f': 402027274,
       'h': '0.12190000',
       'i': '1m',
       'l': '0.12170000',
       'n': 112,
       'o': '0.12190000',
       'q': '88106.96890000',
       's': 'DOGEUSDT',
       't': 1646562120000,
       'v': '723274.00000000',
       'x': False},
 's': 'DOGEUSDT'}
{'E': 1646562170191,
 'e': 'kline',
 'k': {'B': '0',
       'L': 402027405,
       'Q': '22973.48900000',
       'T': 1646562179999,
       'V': '188619.00000000',
       'c': '0.12160000',
       'f': 402027274,
       'h': '0.12190000',
       'i': '1m',
       'l': '0.12160000',
       'n': 132,
       'o': '0.12190000',
       'q': '104534.97200000',
       's': 'DOGEUSDT',
       't': 1646562120000,
       'v': '858262.00000000',
       'x': False},
 's': 'DOGEUSDT'}
